2026-05-11 17:35:14,985 [INFO] INGEST 시작: 2026-05-11
2026-05-11 17:35:37,165 [INFO] INGEST 완료
2026-05-11 17:35:37,287 [INFO] 자격 증명: Windows 자격 증명 관리자에서 로드
2026-05-11 17:35:40,298 [INFO] 이메일 발송 완료 → parkharm@gmail.com
2026-05-11 17:35:40,299 [INFO] 모든 작업 완료.
2026-05-11 17:39:14,058 [INFO] INGEST 시작: 2026-05-11
2026-05-11 17:43:46,128 [INFO] INGEST 완료
2026-05-11 17:43:46,247 [INFO] 자격 증명: Windows 자격 증명 관리자에서 로드
2026-05-11 17:43:48,924 [INFO] 이메일 발송 완료 → parkharm@gmail.com
2026-05-11 17:43:48,925 [INFO] 모든 작업 완료.
2026-05-12 10:50:22,605 [INFO] 자격 증명: Windows 자격 증명 관리자에서 로드
2026-05-12 10:50:25,567 [INFO] 이메일 발송 완료 → parkharm@gmail.com
2026-05-12 14:26:35,825 [INFO] INGEST 시작: 2026-05-12
2026-05-12 14:26:50,405 [INFO] INGEST 완료
2026-05-12 14:26:50,500 [INFO] 자격 증명: Windows 자격 증명 관리자에서 로드
2026-05-12 14:26:53,103 [INFO] 이메일 발송 완료 → parkharm@gmail.com
2026-05-12 14:26:53,104 [INFO] 모든 작업 완료.
2026-05-13 11:35:01,237 [INFO] INGEST 시작: 2026-05-13
2026-05-13 12:16:10,076 [INFO] INGEST 시작: 2026-05-13
2026-05-13 12:27:10,823 [INFO] INGEST 시작: 2026-05-13
2026-05-13 12:27:20,951 [ERROR] INGEST 실패 (code 1)

2026-05-13 16:22:35,471 [INFO] HTML 생성 완료: G:\내 드라이브\개인자료\리서치\AIData_News\reports\2026-05-13.html
2026-05-13 16:22:35,716 [INFO] 자격 증명: Windows 자격 증명 관리자에서 로드
2026-05-13 16:22:38,539 [INFO] 이메일 발송 완료 → parkharm@gmail.com
2026-05-13 16:22:38,540 [INFO] 모든 작업 완료.
2026-05-14 12:07:44,550 [INFO] INGEST 시작: 2026-05-14
2026-05-14 12:48:34,389 [INFO] 자격 증명: Windows 자격 증명 관리자에서 로드
2026-05-14 12:48:37,075 [INFO] 이메일 발송 완료 → parkharm@gmail.com
2026-05-14 12:48:37,076 [INFO] 모든 작업 완료.
2026-05-15 09:50:12,417 [INFO] INGEST 시작: 2026-05-15
2026-05-15 11:20:35,509 [INFO] 자격 증명: Windows 자격 증명 관리자에서 로드
2026-05-15 11:20:38,221 [INFO] 이메일 발송 완료 → parkharm@gmail.com
2026-05-15 11:20:38,223 [INFO] 모든 작업 완료.
2026-05-18 09:56:17,201 [INFO] INGEST 시작: 2026-05-18
2026-05-18 09:57:14,311 [INFO] INGEST 시작: 2026-05-18
2026-05-18 13:49:42,373 [ERROR] 비밀번호를 찾을 수 없습니다. 'python scripts/setup_credential.py'를 먼저 실행하세요.
2026-05-18 14:19:05,565 [INFO] 자격 증명: Windows 자격 증명 관리자에서 로드
2026-05-18 14:19:09,191 [INFO] 이메일 발송 완료 → parkharm@gmail.com
2026-05-18 14:19:09,191 [INFO] 모든 작업 완료.
2026-05-19 09:25:07,429 [INFO] INGEST 시작: 2026-05-19
2026-05-19 16:01:50,062 [INFO] INGEST 시작: 2026-05-19
2026-05-19 16:02:41,710 [INFO] INGEST 완료
2026-05-19 16:02:42,601 [INFO] 자격 증명: Windows 자격 증명 관리자에서 로드
2026-05-19 16:02:46,027 [INFO] 이메일 발송 완료 → parkharm@gmail.com
2026-05-19 16:02:46,028 [INFO] 모든 작업 완료.
2026-05-20 11:51:14,768 [INFO] INGEST 시작: 2026-05-20
2026-05-20 11:51:38,014 [INFO] INGEST 시작: 2026-05-20
2026-05-20 11:52:31,579 [INFO] INGEST 시작: 2026-05-20
2026-05-20 12:08:42,578 [INFO] INGEST 완료
2026-05-20 12:08:42,970 [INFO] 자격 증명: Windows 자격 증명 관리자에서 로드
2026-05-20 12:08:45,657 [INFO] 이메일 발송 완료 → parkharm@gmail.com
2026-05-20 12:08:45,658 [INFO] 모든 작업 완료.
